<?xml version="1.0" encoding="UTF-8"?>
<!-- Generated by org.testng.reporters.JUnitReportReporter -->
<testsuite skipped="0" hostname="ISIPL-PUNV-L406.local" name="testNG_Day2.GroupDemo" tests="1" failures="0" timestamp="2024-08-26T08:48:56 IST" time="0.008" errors="0">
  <testcase name="SanityGroup" time="0.008" classname="testNG_Day2.GroupDemo"/>
  <system-out/>
</testsuite> <!-- testNG_Day2.GroupDemo -->
