<?xml version="1.0" encoding="UTF-8"?>
<!-- Generated by org.testng.reporters.JUnitReportReporter -->
<testsuite hostname="ISIPL-PUNV-L406.local" failures="0" tests="1" name="LocatorsInSelenium.CSSLocator" time="3.217" errors="0" timestamp="2024-08-29T09:03:58 IST" skipped="0">
  <testcase classname="LocatorsInSelenium.CSSLocator" name="addProductAndCheckout" time="3.217"/>
</testsuite> <!-- LocatorsInSelenium.CSSLocator -->
