<?xml version="1.0" encoding="UTF-8"?>
<!-- Generated by org.testng.reporters.JUnitReportReporter -->
<testsuite hostname="ISIPL-PUNV-L406.local" failures="0" tests="1" name="testNG_Day2.AttributeDemo2" time="0.002" errors="0" timestamp="2024-08-22T09:04:06 IST" skipped="0">
  <testcase classname="testNG_Day2.AttributeDemo2" name="SmokeGroup2" time="0.002"/>
  <system-out/>
</testsuite> <!-- testNG_Day2.AttributeDemo2 -->
