<?xml version="1.0" encoding="UTF-8"?>
<!-- Generated by org.testng.reporters.JUnitReportReporter -->
<testsuite hostname="ISIPL-PUNV-L406.local" failures="0" tests="3" name="testNG_Day2.GroupDemo" time="0.005" errors="0" timestamp="2024-08-22T09:04:06 IST" skipped="0">
  <testcase classname="testNG_Day2.GroupDemo" name="SmokeGroup1" time="0.002"/>
  <system-out/>
  <testcase classname="testNG_Day2.GroupDemo" name="SmokeGroup2" time="0.002"/>
  <system-out/>
  <testcase classname="testNG_Day2.GroupDemo" name="RegressionGroup" time="0.001"/>
  <system-out/>
</testsuite> <!-- testNG_Day2.GroupDemo -->
