<?xml version="1.0" encoding="UTF-8"?>
<!-- Generated by org.testng.reporters.JUnitReportReporter -->
<testsuite hostname="ISIPL-PUNV-L406.local" failures="0" tests="1" name="DriverIntroduction.DriverIntro" time="34.504" errors="0" timestamp="2024-08-28T08:17:26 IST" skipped="0">
  <testcase classname="DriverIntroduction.DriverIntro" name="DemoDriver" time="34.504"/>
</testsuite> <!-- DriverIntroduction.DriverIntro -->
