<?xml version="1.0" encoding="UTF-8"?>
<!-- Generated by org.testng.reporters.JUnitReportReporter -->
<testsuite skipped="0" hostname="ISIPL-PUNV-L406.local" name="testNG_Day1.AnnotationDemo" tests="1" failures="0" timestamp="2024-08-26T08:13:57 IST" time="0.011" errors="0">
  <testcase name="testDemo1" time="0.011" classname="testNG_Day1.AnnotationDemo"/>
  <system-out/>
</testsuite> <!-- testNG_Day1.AnnotationDemo -->
