<?xml version="1.0" encoding="UTF-8"?>
<!-- Generated by org.testng.reporters.JUnitReportReporter -->
<testsuite skipped="0" hostname="ISIPL-PUNV-L406.local" name="testGN_Day3.OverloadMethodDemo2" tests="2" failures="0" timestamp="2024-08-26T08:44:57 IST" time="0.013" errors="0">
  <testcase name="normalMethod" time="0.010" classname="testGN_Day3.OverloadMethodDemo2"/>
  <system-out/>
  <testcase name="normalMethod" time="0.003" classname="testGN_Day3.OverloadMethodDemo2"/>
  <system-out/>
</testsuite> <!-- testGN_Day3.OverloadMethodDemo2 -->
