<?xml version="1.0" encoding="UTF-8"?>
<!-- Generated by org.testng.reporters.JUnitReportReporter -->
<testsuite skipped="0" hostname="ISIPL-PUNV-L406.local" name="testGN_Day3.OverloadMethods" tests="3" failures="0" timestamp="2024-08-26T08:37:47 IST" time="0.012" errors="0">
  <testcase name="normalMethod" time="0.008" classname="testGN_Day3.OverloadMethods"/>
  <system-out/>
  <testcase name="normalMethod" time="0.002" classname="testGN_Day3.OverloadMethods"/>
  <system-out/>
  <testcase name="normalMethod" time="0.002" classname="testGN_Day3.OverloadMethods"/>
  <system-out/>
</testsuite> <!-- testGN_Day3.OverloadMethods -->
